
[2026-03-30 09:45:11] 手動連線測試成功
[2026-03-30 09:46:20] 手動測試: 09:46:20
[2026-03-30 09:53:02] 手動測試成功
[2026-03-30 09:59:31] ['08:30', '10:02', '10:50', '11:50', '12:20', '13:15', '15:30']
[2026-03-30 09:59:31] 09:59:31
[2026-03-30 09:59:35] ['08:30', '10:02', '10:50', '11:50', '12:20', '13:15', '15:30']
[2026-03-30 09:59:36] 09:59:35
[2026-03-30 09:59:45] ['08:30', '10:02', '10:50', '11:50', '12:20', '13:15', '15:30']
[2026-03-30 09:59:46] 09:59:45
[2026-03-30 09:59:55] ['08:30', '10:02', '10:50', '11:50', '12:20', '13:15', '15:30']
[2026-03-30 09:59:56] 09:59:55
[2026-03-30 10:00:06] ['08:30', '10:02', '10:50', '11:50', '12:20', '13:15', '15:30']
[2026-03-30 10:00:07] 10:00:06
[2026-03-30 10:00:16] ['08:30', '10:02', '10:50', '11:50', '12:20', '13:15', '15:30']
[2026-03-30 10:00:17] 10:00:16
[2026-03-30 10:00:25] ['08:30', '10:02', '10:50', '11:50', '12:20', '13:15', '15:30']
[2026-03-30 10:00:26] 10:00:25
[2026-03-30 10:00:36] ['08:30', '10:02', '10:50', '11:50', '12:20', '13:15', '15:30']
[2026-03-30 10:00:37] 10:00:36
[2026-03-30 10:00:46] ['08:30', '10:02', '10:50', '11:50', '12:20', '13:15', '15:30']
[2026-03-30 10:00:47] 10:00:46
[2026-03-30 10:01:05] ['08:30', '10:02', '10:50', '11:50', '12:20', '13:15', '15:30']
[2026-03-30 10:01:05] 10:01:05
[2026-03-30 10:01:15] ['08:30', '10:02', '10:50', '11:50', '12:20', '13:15', '15:30']
[2026-03-30 10:01:16] 10:01:15
[2026-03-30 10:01:25] ['08:30', '10:02', '10:50', '11:50', '12:20', '13:15', '15:30']
[2026-03-30 10:01:26] 10:01:25
[2026-03-30 10:01:35] ['08:30', '10:02', '10:50', '11:50', '12:20', '13:15', '15:30']
[2026-03-30 10:01:36] 10:01:35
[2026-03-30 10:01:45] ['08:30', '10:02', '10:50', '11:50', '12:20', '13:15', '15:30']
[2026-03-30 10:01:45] 10:01:45
[2026-03-30 10:01:55] ['08:30', '10:02', '10:50', '11:50', '12:20', '13:15', '15:30']
[2026-03-30 10:01:55] 10:01:55
[2026-03-30 10:02:05] ['08:30', '10:02', '10:50', '11:50', '12:20', '13:15', '15:30']
[2026-03-30 10:02:06] 10:02:05
[2026-03-30 10:02:15] ['08:30', '10:02', '10:50', '11:50', '12:20', '13:15', '15:30']
[2026-03-30 10:02:16] 10:02:15
[2026-03-30 10:02:25] ['08:30', '10:02', '10:50', '11:50', '12:20', '13:15', '15:30']
[2026-03-30 10:02:26] 10:02:25
[2026-03-30 10:02:34] ['08:30', '10:02', '10:50', '11:50', '12:20', '13:15', '15:30']
[2026-03-30 10:02:35] ['08:30', '10:02', '10:50', '11:50', '12:20', '13:15', '15:30']
[2026-03-30 10:02:36] 10:02:35
[2026-03-30 10:02:45] ['08:30', '10:02', '10:50', '11:50', '12:20', '13:15', '15:30']